WARNING: ../riscvlong/riscvlong-randdelay-sim.v:154: $readmemh: The behaviour for reg[...] mem[N:0]; $readmemh("...", mem); changed in the 1364-2005 standard. To avoid ambiguity, use mem[0:N] or explicit range parameters $readmemh("...", mem, start, stop);. Defaulting to 1364-2005 behavior.
VCD info: dumpfile ../tests/build/vmh/riscvbyp-corner-rand.vcd opened for output.
[ALU monitor] fn=x in0=xxxxxxxx in1=xxxxxxxx out=xxxxxxxx
[ALU monitor] fn=0 in0=00000000 in1=00000001 out=00000001
[ALU monitor] fn=0 in0=00000000 in1=00000002 out=00000002
[ALU monitor] fn=0 in0=00000001 in1=00000002 out=00000003
[ALU monitor] fn=0 in0=00000003 in1=00000000 out=00000003
[ALU monitor] fn=0 in0=00000000 in1=00000012 out=00000012
[ALU monitor] fn=0 in0=00000000 in1=00000003 out=00000003
[ALU monitor] fn=7 in0=00000003 in1=00000003 out=00000000
[ALU monitor] fn=0 in0=0008001c in1=00000000 out=0008001c
[ALU monitor] fn=0 in0=0008001c in1=00000104 out=00080120
[ALU monitor] fn=0 in0=00080120 in1=00000000 out=00080120
[ALU monitor] fn=0 in0=xxxxxxxx in1=00000000 out=xxxxxxxx
[ALU monitor] fn=0 in0=000000ff in1=00000000 out=000000ff
[ALU monitor] fn=0 in0=00000000 in1=0000001c out=0000001c
[ALU monitor] fn=0 in0=00000000 in1=000000ff out=000000ff
[ALU monitor] fn=7 in0=000000ff in1=000000ff out=00000000
[ALU monitor] fn=0 in0=00080038 in1=00000000 out=00080038
[ALU monitor] fn=0 in0=00080038 in1=000000f8 out=00080130
[ALU monitor] fn=0 in0=00000000 in1=0000007f out=0000007f
[ALU monitor] fn=0 in0=0000007f in1=00000001 out=00000080
[ALU monitor] fn=0 in0=00080130 in1=00000000 out=00080130
[ALU monitor] fn=0 in0=00000000 in1=00000029 out=00000029
[ALU monitor] fn=0 in0=00000000 in1=00000080 out=00000080
[ALU monitor] fn=7 in0=00000080 in1=00000080 out=00000000
[ALU monitor] fn=0 in0=00000000 in1=00000001 out=00000001
[ALU monitor] fn=0 in0=00000001 in1=00000000 out=00000001
[ALU monitor] fn=7 in0=00000000 in1=00000001 out=00000001
*** PASSED ***
--------------------------------------------
 STATS                                      
--------------------------------------------
 status     =          1
 num_cycles =        144
 num_inst   =         27
 ipc        = 0.187500
[ALU monitor] fn=0 in0=00000000 in1=00000000 out=00000000
../riscvlong/riscvlong-randdelay-sim.v:335: $finish called at 1535 (1s)
