WARNING: ../riscvlong/riscvlong-randdelay-sim.v:154: $readmemh: The behaviour for reg[...] mem[N:0]; $readmemh("...", mem); changed in the 1364-2005 standard. To avoid ambiguity, use mem[0:N] or explicit range parameters $readmemh("...", mem, start, stop);. Defaulting to 1364-2005 behavior.
VCD info: dumpfile ../tests/build/vmh/riscvstall-corner-rand.vcd opened for output.
[ALU monitor] fn=x in0=xxxxxxxx in1=xxxxxxxx out=xxxxxxxx
[ALU monitor] fn=0 in0=00080000 in1=00000000 out=00080000
[ALU monitor] fn=0 in0=00080000 in1=00000150 out=00080150
[ALU monitor] fn=0 in0=00080150 in1=00000000 out=00080150
[ALU monitor] fn=0 in0=xxxxxxxx in1=00000000 out=xxxxxxxx
[ALU monitor] fn=0 in0=000000ff in1=00000000 out=000000ff
[ALU monitor] fn=0 in0=00000000 in1=0000000e out=0000000e
[ALU monitor] fn=0 in0=00000000 in1=000000ff out=000000ff
[ALU monitor] fn=7 in0=000000ff in1=000000ff out=00000000
[ALU monitor] fn=0 in0=00000000 in1=00000001 out=00000001
[ALU monitor] fn=0 in0=00000001 in1=00000002 out=00000003
[ALU monitor] fn=0 in0=00000003 in1=00000000 out=00000003
[ALU monitor] fn=0 in0=00000000 in1=00000014 out=00000014
[ALU monitor] fn=0 in0=00000000 in1=00000003 out=00000003
[ALU monitor] fn=7 in0=00000003 in1=00000003 out=00000000
[ALU monitor] fn=0 in0=00080034 in1=00000000 out=00080034
[ALU monitor] fn=0 in0=00080034 in1=0000011c out=00080150
[ALU monitor] fn=0 in0=00080150 in1=ffffffe0 out=00080130
[ALU monitor] fn=0 in0=00080130 in1=00000020 out=00080150
[ALU monitor] fn=0 in0=00000000 in1=0000001a out=0000001a
[ALU monitor] fn=0 in0=00000000 in1=000000ff out=000000ff
[ALU monitor] fn=7 in0=000000ff in1=000000ff out=00000000
[ALU monitor] fn=0 in0=00080050 in1=00000000 out=00080050
[ALU monitor] fn=0 in0=00080050 in1=00000110 out=00080160
[ALU monitor] fn=0 in0=00000000 in1=0000007f out=0000007f
[ALU monitor] fn=0 in0=0000007f in1=00000001 out=00000080
[ALU monitor] fn=0 in0=00080160 in1=00000000 out=00080160
[ALU monitor] fn=0 in0=00000000 in1=00000027 out=00000027
[ALU monitor] fn=0 in0=00000000 in1=00000080 out=00000080
[ALU monitor] fn=7 in0=00000080 in1=00000080 out=00000000
[ALU monitor] fn=0 in0=00000000 in1=00000001 out=00000001
[ALU monitor] fn=0 in0=00000000 in1=00000002 out=00000002
[ALU monitor] fn=0 in0=00000001 in1=00000002 out=00000003
[ALU monitor] fn=0 in0=00000003 in1=00000000 out=00000003
[ALU monitor] fn=0 in0=00000000 in1=00000031 out=00000031
[ALU monitor] fn=0 in0=00000000 in1=00000003 out=00000003
[ALU monitor] fn=7 in0=00000003 in1=00000003 out=00000000
[ALU monitor] fn=0 in0=00000000 in1=00000001 out=00000001
[ALU monitor] fn=0 in0=00000001 in1=00000000 out=00000001
[ALU monitor] fn=7 in0=00000000 in1=00000001 out=00000001
[ALU monitor] fn=0 in0=00000000 in1=00000000 out=00000000
*** PASSED ***
--------------------------------------------
 STATS                                      
--------------------------------------------
 status     =          1
 num_cycles =        161
 num_inst   =         40
 ipc        = 0.248447
../riscvlong/riscvlong-randdelay-sim.v:335: $finish called at 1705 (1s)
